app/build/intermediates/manifest_merge_blame_file/debug/manifest-merger-blame-debug-report.txt
1<?xml version="1.0" encoding="utf-8"?>
2<manifest xmlns:android="http://schemas.android.com/apk/res/android"
3    package="com.example.stanza"
4    android:versionCode="1"
5    android:versionName="1.0" >
6
7    <uses-sdk
8        android:minSdkVersion="15"
8-->src\main\AndroidManifest.xml
9        android:targetSdkVersion="23" />
9-->src\main\AndroidManifest.xml
10
11    <uses-permission android:name="android.permission.INTERNET" />
11-->src\main\AndroidManifest.xml:5:5-66
11-->src\main\AndroidManifest.xml:5:22-64
12    <uses-permission android:name="android.permission.ACCESS_NETWORK_STATE" />
12-->src\main\AndroidManifest.xml:6:5-79
12-->src\main\AndroidManifest.xml:6:22-76
13
14    <application
14-->src\main\AndroidManifest.xml:8:5-68:19
15        android:allowBackup="true"
15-->src\main\AndroidManifest.xml:10:9-35
16        android:debuggable="true"
17        android:icon="@drawable/file_document_box"
17-->src\main\AndroidManifest.xml:11:9-51
18        android:label="Stanza"
18-->src\main\AndroidManifest.xml:12:9-31
19        android:theme="@style/AppTheme" >
19-->src\main\AndroidManifest.xml:13:9-40
20        <activity
20-->src\main\AndroidManifest.xml:14:9-24:20
21            android:name="com.example.stanza.MainActivity"
21-->src\main\AndroidManifest.xml:15:13-59
22            android:label="@string/app_name"
22-->src\main\AndroidManifest.xml:17:13-45
23            android:launchMode="singleTop"
23-->src\main\AndroidManifest.xml:18:13-43
24            android:theme="@style/AppTheme.NoActionBar" >
24-->src\main\AndroidManifest.xml:16:13-56
25            <intent-filter>
25-->src\main\AndroidManifest.xml:19:13-23:29
26                <action android:name="android.intent.action.MAIN" />
26-->src\main\AndroidManifest.xml:20:17-69
26-->src\main\AndroidManifest.xml:20:25-66
27
28                <category android:name="android.intent.category.LAUNCHER" />
28-->src\main\AndroidManifest.xml:22:17-77
28-->src\main\AndroidManifest.xml:22:27-74
29            </intent-filter>
30        </activity>
31
32        <provider
32-->src\main\AndroidManifest.xml:26:9-29:40
33            android:name="com.example.stanza.NotesProvider"
33-->src\main\AndroidManifest.xml:27:13-60
34            android:authorities="com.example.stanza.notesprovider"
34-->src\main\AndroidManifest.xml:28:13-67
35            android:exported="false" />
35-->src\main\AndroidManifest.xml:29:13-37
36        <provider
36-->src\main\AndroidManifest.xml:30:9-33:40
37            android:name="com.example.stanza.NotesProvider2"
37-->src\main\AndroidManifest.xml:31:13-61
38            android:authorities="com.example.stanza.notesprovider2"
38-->src\main\AndroidManifest.xml:32:13-68
39            android:exported="false" />
39-->src\main\AndroidManifest.xml:33:13-37
40
41        <activity
41-->src\main\AndroidManifest.xml:35:9-43:20
42            android:name="com.example.stanza.EditPoemActivity"
42-->src\main\AndroidManifest.xml:36:13-45
43            android:isScrollContainer="true"
43-->src\main\AndroidManifest.xml:39:13-45
44            android:label="@string/poetry_editor"
44-->src\main\AndroidManifest.xml:37:13-50
45            android:windowSoftInputMode="stateVisible|adjustResize" >
45-->src\main\AndroidManifest.xml:38:13-68
46            <meta-data
46-->src\main\AndroidManifest.xml:40:13-42:67
47                android:name="android.support.PARENT_ACTIVITY"
47-->src\main\AndroidManifest.xml:41:17-63
48                android:value="com.example.stanza.MainActivity" />
48-->src\main\AndroidManifest.xml:42:17-64
49        </activity>
50        <activity
50-->src\main\AndroidManifest.xml:45:9-52:20
51            android:name="com.example.stanza.ViewPoemActivity"
51-->src\main\AndroidManifest.xml:46:13-63
52            android:label="@string/view_friends_poem"
52-->src\main\AndroidManifest.xml:47:13-54
53            android:parentActivityName="com.example.stanza.MainActivity" >
53-->src\main\AndroidManifest.xml:48:13-55
54            <meta-data
54-->src\main\AndroidManifest.xml:40:13-42:67
55                android:name="android.support.PARENT_ACTIVITY"
55-->src\main\AndroidManifest.xml:41:17-63
56                android:value=".MainActivity" />
56-->src\main\AndroidManifest.xml:42:17-64
57        </activity>
58        <activity
58-->src\main\AndroidManifest.xml:53:9-60:20
59            android:name="com.example.stanza.ManageFriendsActivity"
59-->src\main\AndroidManifest.xml:54:13-68
60            android:label="Manage Friends"
60-->src\main\AndroidManifest.xml:55:13-43
61            android:parentActivityName="com.example.stanza.MainActivity" >
61-->src\main\AndroidManifest.xml:56:13-55
62            <meta-data
62-->src\main\AndroidManifest.xml:40:13-42:67
63                android:name="android.support.PARENT_ACTIVITY"
63-->src\main\AndroidManifest.xml:41:17-63
64                android:value=".MainActivity" />
64-->src\main\AndroidManifest.xml:42:17-64
65        </activity>
66        <activity
66-->src\main\AndroidManifest.xml:64:9-94
67            android:name="com.example.stanza.LoginActivity"
67-->src\main\AndroidManifest.xml:64:19-48
68            android:theme="@style/AppTheme.NoActionBar" />
68-->src\main\AndroidManifest.xml:64:49-92
69        <activity
69-->src\main\AndroidManifest.xml:65:9-95
70            android:name="com.example.stanza.SignupActivity"
70-->src\main\AndroidManifest.xml:65:19-49
71            android:theme="@style/AppTheme.NoActionBar" />
71-->src\main\AndroidManifest.xml:65:50-93
72
73        <meta-data
73-->src\main\AndroidManifest.xml:67:9-78
74            android:name="userapp.AppId"
74-->src\main\AndroidManifest.xml:67:20-48
75            android:value="YOUR-APP-ID" />
75-->src\main\AndroidManifest.xml:67:49-76
76    </application>
77
78</manifest>